<?xml version="1.0" encoding="UTF-8"?>
<!-- Generated by org.testng.reporters.JUnitReportReporter -->
<testsuite skipped="0" hostname="DESKTOP-FFTSIEL" name="testng.ng" tests="1" failures="0" timestamp="2023-02-08T17:55:45 IST" time="0.016" errors="0">
  <testcase name="tc1" time="0.016" classname="testng.ng"/>
  <system-out/>
</testsuite> <!-- testng.ng -->
